\BOOKMARK [1][-]{section.1}{Division, and Prime Numbers}{}% 1
\BOOKMARK [2][-]{subsection.1.1}{Division}{section.1}% 2
\BOOKMARK [2][-]{subsection.1.2}{Divisibility Relation}{section.1}% 3
\BOOKMARK [2][-]{subsection.1.3}{Primes}{section.1}% 4
\BOOKMARK [2][-]{subsection.1.4}{Remarks}{section.1}% 5
\BOOKMARK [1][-]{section.2}{The Fundamental Theorem of Arithmetic, GCD, and LCM}{}% 6
\BOOKMARK [2][-]{subsection.2.1}{The Fundamental Theorem of Arithmetic and Corollaries}{section.2}% 7
\BOOKMARK [2][-]{subsection.2.2}{GCD and LCM}{section.2}% 8
\BOOKMARK [2][-]{subsection.2.3}{Remarks}{section.2}% 9
\BOOKMARK [1][-]{section.3}{The Euclidean Algorithm and Modular Arithmetic}{}% 10
\BOOKMARK [2][-]{subsection.3.1}{Euclid's Algorithm}{section.3}% 11
\BOOKMARK [3][-]{subsubsection.3.1.1}{Efficiency}{subsection.3.1}% 12
\BOOKMARK [2][-]{subsection.3.2}{Diophantine equations}{section.3}% 13
\BOOKMARK [3][-]{subsubsection.3.2.1}{What is a Diophantine Equation anyways?}{subsection.3.2}% 14
\BOOKMARK [3][-]{subsubsection.3.2.2}{B\351zout's Identity}{subsection.3.2}% 15
\BOOKMARK [2][-]{subsection.3.3}{Modular Arithmetic}{section.3}% 16
\BOOKMARK [2][-]{subsection.3.4}{Remarks}{section.3}% 17
\BOOKMARK [1][-]{section.4}{Modular Congruence and Modular Equivalence Classes}{}% 18
\BOOKMARK [2][-]{subsection.4.1}{Multiplicative Inverses of Equivalence Classes}{section.4}% 19
\BOOKMARK [3][-]{subsubsection.4.1.1}{Recap from last time}{subsection.4.1}% 20
\BOOKMARK [3][-]{subsubsection.4.1.2}{Multiplicative Inverses modulo m}{subsection.4.1}% 21
\BOOKMARK [2][-]{subsection.4.2}{The Chinese Remainder Theorem}{section.4}% 22
\BOOKMARK [2][-]{subsection.4.3}{Wilson's Theorem}{section.4}% 23
\BOOKMARK [1][-]{section.5}{Fermat's Theorem and Primality}{}% 24
\BOOKMARK [2][-]{subsection.5.1}{Fermat's Theorem}{section.5}% 25
\BOOKMARK [2][-]{subsection.5.2}{Modular Exponentiation}{section.5}% 26
\BOOKMARK [2][-]{subsection.5.3}{Tests for Primality}{section.5}% 27
\BOOKMARK [1][-]{section.6}{Euler's Function and Euler's Theorem}{}% 28
\BOOKMARK [2][-]{subsection.6.1}{The \040function}{section.6}% 29
\BOOKMARK [3][-]{subsubsection.6.1.1}{Formula and Properties}{subsection.6.1}% 30
\BOOKMARK [2][-]{subsection.6.2}{Euler's Theorem}{section.6}% 31
