\BOOKMARK [1][-]{section.1}{Preface}{}% 1
\BOOKMARK [2][-]{subsection.1.1}{Intro}{section.1}% 2
\BOOKMARK [3][-]{subsubsection.1.1.1}{What is `Math?'}{subsection.1.1}% 3
\BOOKMARK [3][-]{subsubsection.1.1.2}{Communicating Math}{subsection.1.1}% 4
\BOOKMARK [2][-]{subsection.1.2}{About this document, and how to read it}{section.1}% 5
\BOOKMARK [2][-]{subsection.1.3}{A brief overview of some common notations and terms}{section.1}% 6
\BOOKMARK [2][-]{subsection.1.4}{Logic \(Optional\)}{section.1}% 7
\BOOKMARK [1][-]{section.2}{Sets \046 Induction}{}% 8
\BOOKMARK [2][-]{subsection.2.1}{Sets}{section.2}% 9
\BOOKMARK [3][-]{subsubsection.2.1.1}{Definition of a Set}{subsection.2.1}% 10
\BOOKMARK [3][-]{subsubsection.2.1.2}{Set Equality}{subsection.2.1}% 11
\BOOKMARK [3][-]{subsubsection.2.1.3}{Set Builder Notation}{subsection.2.1}% 12
\BOOKMARK [3][-]{subsubsection.2.1.4}{Set Operations}{subsection.2.1}% 13
\BOOKMARK [3][-]{subsubsection.2.1.5}{Unions and Intersecitons of Many Sets \(poorly written?\)}{subsection.2.1}% 14
\BOOKMARK [3][-]{subsubsection.2.1.6}{Lists and the Cartesian Product}{subsection.2.1}% 15
\BOOKMARK [3][-]{subsubsection.2.1.7}{A Few More Tidbits on Sets}{subsection.2.1}% 16
\BOOKMARK [2][-]{subsection.2.2}{Important Sets of Numbers}{section.2}% 17
\BOOKMARK [2][-]{subsection.2.3}{Induction}{section.2}% 18
\BOOKMARK [1][-]{section.3}{Functions of Real Numbers}{}% 19
\BOOKMARK [2][-]{subsection.3.1}{Functions}{section.3}% 20
\BOOKMARK [3][-]{subsubsection.3.1.1}{What is a Function?}{subsection.3.1}% 21
\BOOKMARK [3][-]{subsubsection.3.1.2}{Properties of Functions}{subsection.3.1}% 22
\BOOKMARK [3][-]{subsubsection.3.1.3}{The Pigeonhole Principle}{subsection.3.1}% 23
\BOOKMARK [2][-]{subsection.3.2}{Limits \046 Continuity}{section.3}% 24
